src/lib/modules/community/services/implementations/EnhancedUserService.ts(265,7): error TS2375: Type '{ bio?: string; id: string; username: string; displayName: string; avatar: string | undefined; email: string | undefined; sequenceCount: number; collectionCount: number; followerCount: number; ... 9 more ...; isFeatured: boolean; }' is not assignable to type 'EnhancedUserProfile' with 'exactOptionalPropertyTypes: true'. Consider adding 'undefined' to the types of the target's properties.
src/lib/modules/create/generate/circular/services/implementations/PartialSequenceGenerator.ts(168,7): error TS2367: This comparison appears to be unintentional because the types 'number' and 'SliceSize' have no overlap.
src/lib/modules/create/generate/circular/services/implementations/StrictSwappedCAPExecutor.ts(140,7): error TS2345: Argument of type 'MotionData | undefined' is not assignable to parameter of type 'MotionData'.
src/lib/modules/create/generate/circular/services/implementations/StrictSwappedCAPExecutor.ts(145,7): error TS2345: Argument of type 'MotionData | undefined' is not assignable to parameter of type 'MotionData'.
src/lib/modules/create/shared/services/implementations/BeatOperationsService.ts(100,40): error TS2345: Argument of type '"BATCH_EDIT"' is not assignable to parameter of type '"SELECT_START_POSITION" | "ADD_BEAT" | "REMOVE_BEATS" | "CLEAR_SEQUENCE"'.
src/lib/modules/create/shared/services/implementations/BeatOperationsService.ts(108,37): error TS2339: Property 'applyBatchChanges' does not exist on type '{ readonly currentSequence: SequenceData | null; readonly sequences: SequenceData[]; readonly isLoading: boolean; readonly error: string | null; readonly selectedBeatIndex: number | null; ... 94 more ...; toggleBeatInMultiSelect: (beatNumber: number) => { ...; }; }'.
src/lib/modules/create/shared/services/implementations/BeatOperationsService.ts(132,7): error TS2322: Type 'PictographData | null' is not assignable to type 'BeatData | null | undefined'.
src/lib/modules/create/shared/services/implementations/BeatOperationsService.ts(148,51): error TS7053: Element implicitly has an 'any' type because expression of type 'string' can't be used to index type 'Partial<Record<MotionColor, MotionData | undefined>>'.
src/lib/modules/create/shared/services/implementations/BeatOperationsService.ts(163,7): error TS2322: Type 'string' is not assignable to type 'Orientation | undefined'.
src/lib/modules/create/shared/services/implementations/BeatOperationsService.ts(225,11): error TS2322: Type 'PictographData | null' is not assignable to type 'BeatData | null'.
src/lib/modules/create/shared/services/implementations/BeatOperationsService.ts(243,48): error TS7053: Element implicitly has an 'any' type because expression of type 'string' can't be used to index type 'Partial<Record<MotionColor, MotionData | undefined>>'.
src/lib/modules/create/shared/services/implementations/BeatOperationsService.ts(256,48): error TS7053: Element implicitly has an 'any' type because expression of type 'string' can't be used to index type 'Partial<Record<MotionColor, MotionData | undefined>>'.
src/lib/modules/create/shared/services/implementations/BeatOperationsService.ts(284,13): error TS2322: Type 'BeatData | undefined' is not assignable to type 'BeatData'.
src/lib/modules/create/shared/services/implementations/BeatOperationsService.ts(293,50): error TS7053: Element implicitly has an 'any' type because expression of type 'string' can't be used to index type 'Partial<Record<MotionColor, MotionData | undefined>>'.
src/lib/modules/create/shared/services/implementations/BeatOperationsService.ts(307,9): error TS2322: Type 'string' is not assignable to type 'Orientation | undefined'.
src/lib/modules/create/shared/services/implementations/BeatOperationsService.ts(318,9): error TS2322: Type 'string' is not assignable to type 'Orientation'.
src/lib/modules/create/shared/services/implementations/BeatOperationsService.ts(361,7): error TS2322: Type 'PictographData | null' is not assignable to type 'BeatData | null | undefined'.
src/lib/modules/create/shared/services/implementations/BeatOperationsService.ts(375,51): error TS7053: Element implicitly has an 'any' type because expression of type 'string' can't be used to index type 'Partial<Record<MotionColor, MotionData | undefined>>'.
src/lib/modules/create/shared/services/implementations/SequenceExportService.ts(61,5): error TS2375: Type '{ motions: { blue: CondensedStartMotion; red: CondensedStartMotion; }; gridPosition?: GridPosition | null; letter: string; }' is not assignable to type 'CondensedStartPosition' with 'exactOptionalPropertyTypes: true'. Consider adding 'undefined' to the types of the target's properties.
src/lib/modules/create/shared/services/implementations/SequenceExportService.ts(99,5): error TS2375: Type '{ duration: number; blueReversal: boolean; redReversal: boolean; motions: { blue: CondensedMotionData; red: CondensedMotionData; }; gridPosition?: GridPosition | null; letter: string; beatNumber: number; }' is not assignable to type 'CondensedBeatData' with 'exactOptionalPropertyTypes: true'. Consider adding 'undefined' to the types of the target's properties.
src/lib/modules/create/shared/state/managers/NavigationSyncManager.svelte.ts(36,9): error TS2345: Argument of type '{ readonly sequenceState: { readonly currentSequence: SequenceData | null; readonly sequences: SequenceData[]; readonly isLoading: boolean; readonly error: string | null; ... 95 more ...; toggleBeatInMultiSelect: (beatNumber: number) => { ...; }; }; ... 31 more ...; generatorTabState: GeneratorTabState | null; }' is not assignable to parameter of type 'CreateModuleStateForSync'.
src/lib/modules/create/shared/state/managers/NavigationSyncManager.svelte.ts(48,9): error TS2345: Argument of type '{ readonly sequenceState: { readonly currentSequence: SequenceData | null; readonly sequences: SequenceData[]; readonly isLoading: boolean; readonly error: string | null; ... 95 more ...; toggleBeatInMultiSelect: (beatNumber: number) => { ...; }; }; ... 31 more ...; generatorTabState: GeneratorTabState | null; }' is not assignable to parameter of type 'CreateModuleStateForSync'.
src/lib/modules/learn/codex/services/implementations/CodexPictographUpdater.ts(28,9): error TS2416: Property 'applyOperation' in type 'CodexPictographUpdater' is not assignable to the same property in base type 'ICodexPictographUpdater'.
src/lib/shared/background/night-sky/services/NightSkyBackgroundSystem.ts(93,5): error TS2322: Type '({ readonly maxParticles: 20; readonly animationFrameRate: 15; readonly enableBlur: false; readonly enableGlow: false; readonly particleSize: 1; readonly densityMultiplier: 0.3; } | { ...; } | { ...; } | { ...; }) & { ...; }' is not assignable to type 'QualitySettings'.
src/lib/shared/background/night-sky/services/NightSkyBackgroundSystem.ts(207,5): error TS2322: Type '({ readonly maxParticles: 20; readonly animationFrameRate: 15; readonly enableBlur: false; readonly enableGlow: false; readonly particleSize: 1; readonly densityMultiplier: 0.3; } | { ...; } | { ...; } | { ...; }) & { ...; }' is not assignable to type 'QualitySettings'.
src/lib/shared/background/shared/background-preloader.ts(102,28): error TS2345: Argument of type 'BackgroundType | "nightSky"' is not assignable to parameter of type 'BackgroundType'.
src/lib/shared/background/shared/services/implementations/BackgroundPreloader.ts(135,35): error TS2345: Argument of type 'BackgroundType | "nightSky"' is not assignable to parameter of type 'BackgroundType'.
src/lib/shared/background/snowfall/services/SnowfallBackgroundSystem.ts(95,7): error TS2345: Argument of type 'readonly [{ readonly position: 0; readonly color: "#0a0e1a"; }, { readonly position: 0.2; readonly color: "#1a1d3a"; }, { readonly position: 0.4; readonly color: "#2d2560"; }, { readonly position: 0.65; readonly color: "#1e2a4a"; }, { ...; }, { ...; }]' is not assignable to parameter of type 'GradientStop[]'.
src/lib/shared/navigation/utils/letter-deriver-helper.ts(57,27): error TS2322: Type 'string' is not assignable to type 'Letter | null'.
src/lib/shared/pictograph/shared/utils/png-metadata-extractor.ts(204,15): error TS2698: Spread types may only be created from object types.
src/lib/shared/pictograph/shared/utils/png-metadata-extractor.ts(207,15): error TS2698: Spread types may only be created from object types.
src/lib/shared/pictograph/shared/utils/png-metadata-extractor.ts(242,13): error TS2698: Spread types may only be created from object types.
src/lib/shared/pictograph/shared/utils/png-metadata-extractor.ts(245,13): error TS2698: Spread types may only be created from object types.
