{
  "total_tests": 14,
  "total_passed": 11,
  "total_failed": 0,
  "total_errors": 3,
  "total_skipped": 0,
  "success_rate": 78.57142857142857,
  "total_execution_time": 33.6827187538147,
  "category_results": [
    {
      "category": "Core Services",
      "path": "tests/unit/services/",
      "total": 0,
      "passed": 0,
      "failed": 0,
      "errors": 0,
      "skipped": 0,
      "execution_time": 1.1490321159362793,
      "status": "FAILED",
      "return_code": 3,
      "output_sample": "INTERNALERROR> Traceback (most recent call last):\nINTERNALERROR>   File \"C:\\Users\\Austen\\AppData\\Local\\Programs\\Python\\Python313\\Lib\\site-packages\\_pytest\\main.py\", line 287, in wrap_session\nINTERNALERROR>     config.hook.pytest_sessionstart(session=session)\nINTERNALERROR>     ~~~~~~~~~~~~~~~~~~~~~~~~~~~~~~~^^^^^^^^^^^^^^^^^\nINTERNALERROR>   File \"C:\\Users\\Austen\\AppData\\Local\\Programs\\Python\\Python313\\Lib\\site-packages\\pluggy\\_hooks.py\", line 512, in __call__\nINTERNALERROR>     return self._hoo"
    },
    {
      "category": "Integration Workflows",
      "path": "tests/integration/",
      "total": 0,
      "passed": 0,
      "failed": 0,
      "errors": 0,
      "skipped": 0,
      "execution_time": 1.1326110363006592,
      "status": "FAILED",
      "return_code": 3,
      "output_sample": "INTERNALERROR> Traceback (most recent call last):\nINTERNALERROR>   File \"C:\\Users\\Austen\\AppData\\Local\\Programs\\Python\\Python313\\Lib\\site-packages\\_pytest\\main.py\", line 287, in wrap_session\nINTERNALERROR>     config.hook.pytest_sessionstart(session=session)\nINTERNALERROR>     ~~~~~~~~~~~~~~~~~~~~~~~~~~~~~~~^^^^^^^^^^^^^^^^^\nINTERNALERROR>   File \"C:\\Users\\Austen\\AppData\\Local\\Programs\\Python\\Python313\\Lib\\site-packages\\pluggy\\_hooks.py\", line 512, in __call__\nINTERNALERROR>     return self._hoo"
    },
    {
      "category": "Launcher Tests",
      "path": "launcher/tests/",
      "total": 0,
      "passed": 0,
      "failed": 0,
      "errors": 0,
      "skipped": 0,
      "execution_time": 1.3294785022735596,
      "status": "FAILED",
      "return_code": 5,
      "output_sample": "============================= test session starts =============================\ncollecting ... collected 0 items\n\n============================ no tests ran in 0.13s ============================\n"
    },
    {
      "category": "Modern Unit Core",
      "path": "src/desktop/modern/tests/unit/core/",
      "total": 0,
      "passed": 0,
      "failed": 0,
      "errors": 0,
      "skipped": 0,
      "execution_time": 1.7400383949279785,
      "status": "FAILED",
      "return_code": 2,
      "output_sample": "============================= test session starts =============================\ncollecting ... collected 0 items / 2 errors\n\n=================================== ERRORS ====================================\n_ ERROR collecting tests/unit/core/dependency_injection/test_di_container_unit.py _\nImportError while importing test module 'F:\\CODE\\TKA\\src\\desktop\\modern\\tests\\unit\\core\\dependency_injection\\test_di_container_unit.py'.\nHint: make sure your test modules/packages have valid Python names.\nTraceb"
    },
    {
      "category": "Modern Unit Interfaces",
      "path": "src/desktop/modern/tests/unit/interfaces/",
      "total": 0,
      "passed": 0,
      "failed": 0,
      "errors": 0,
      "skipped": 0,
      "execution_time": 6.727157115936279,
      "status": "FAILED",
      "return_code": 1,
      "output_sample": "============================= test session starts =============================\ncollecting ... collected 82 items\n\nsrc\\desktop\\modern\\tests\\unit\\interfaces\\test_data_cache_manager_interface.py::TestDataCacheManagerInterface::test_data_cache_manager_implements_interface PASSED [  1%]\nsrc\\desktop\\modern\\tests\\unit\\interfaces\\test_data_cache_manager_interface.py::TestDataCacheManagerInterface::test_all_interface_methods_implemented PASSED [  2%]\nsrc\\desktop\\modern\\tests\\unit\\interfaces\\test_data_ca"
    },
    {
      "category": "Modern Unit Presentation",
      "path": "src/desktop/modern/tests/unit/presentation/",
      "total": 1,
      "passed": 0,
      "failed": 0,
      "errors": 1,
      "skipped": 0,
      "execution_time": 1.7316651344299316,
      "status": "PARTIAL",
      "return_code": 2,
      "output_sample": "============================= test session starts =============================\ncollecting ... collected 0 items / 1 error\n\n=================================== ERRORS ====================================\n_ ERROR collecting tests/unit/presentation/tabs/construct/test_refactored_components.py _\nImportError while importing test module 'F:\\CODE\\TKA\\src\\desktop\\modern\\tests\\unit\\presentation\\tabs\\construct\\test_refactored_components.py'.\nHint: make sure your test modules/packages have valid Python na"
    },
    {
      "category": "Modern Integration",
      "path": "src/desktop/modern/tests/integration/",
      "total": 0,
      "passed": 0,
      "failed": 0,
      "errors": 0,
      "skipped": 0,
      "execution_time": 3.534674644470215,
      "status": "FAILED",
      "return_code": 1,
      "output_sample": "============================= test session starts =============================\ncollecting ... collected 28 items\n\nsrc\\desktop\\modern\\tests\\integration\\interfaces\\test_interface_integration.py::TestDependencyInjectionIntegration::test_workbench_state_manager_can_be_injected PASSED [  3%]\nsrc\\desktop\\modern\\tests\\integration\\interfaces\\test_interface_integration.py::TestDependencyInjectionIntegration::test_data_cache_manager_can_be_injected PASSED [  7%]\nsrc\\desktop\\modern\\tests\\integration\\inter"
    },
    {
      "category": "Modern Spec Core",
      "path": "src/desktop/modern/tests/specification/core/",
      "total": 1,
      "passed": 0,
      "failed": 0,
      "errors": 1,
      "skipped": 0,
      "execution_time": 1.5168819427490234,
      "status": "PARTIAL",
      "return_code": 2,
      "output_sample": "============================= test session starts =============================\ncollecting ... collected 70 items / 1 error\n\n=================================== ERRORS ====================================\n___ ERROR collecting tests/specification/core/test_enhanced_di_container.py ___\nImportError while importing test module 'F:\\CODE\\TKA\\src\\desktop\\modern\\tests\\specification\\core\\test_enhanced_di_container.py'.\nHint: make sure your test modules/packages have valid Python names.\nTraceback:\nC:\\User"
    },
    {
      "category": "Modern Spec Domain",
      "path": "src/desktop/modern/tests/specification/domain/",
      "total": 11,
      "passed": 11,
      "failed": 0,
      "errors": 0,
      "skipped": 0,
      "execution_time": 3.725611686706543,
      "status": "SUCCESS",
      "return_code": 1,
      "output_sample": "============================= test session starts =============================\ncollecting ... collected 12 items\n\nsrc\\desktop\\modern\\tests\\specification\\domain\\test_domain_models_properties.py::TestMotionDataProperties::test_motion_data_creation_invariants PASSED [  8%]\nsrc\\desktop\\modern\\tests\\specification\\domain\\test_domain_models_properties.py::TestMotionDataProperties::test_motion_data_serialization_roundtrip PASSED [ 16%]\nsrc\\desktop\\modern\\tests\\specification\\domain\\test_domain_models_pr"
    },
    {
      "category": "Modern Application",
      "path": "src/desktop/modern/tests/application/",
      "total": 1,
      "passed": 0,
      "failed": 0,
      "errors": 1,
      "skipped": 0,
      "execution_time": 1.48805832862854,
      "status": "PARTIAL",
      "return_code": 2,
      "output_sample": "============================= test session starts =============================\ncollecting ... collected 23 items / 1 error\n\n=================================== ERRORS ====================================\n_ ERROR collecting tests/application/services/graph_editor/test_hotkey_service.py _\nImportError while importing test module 'F:\\CODE\\TKA\\src\\desktop\\modern\\tests\\application\\services\\graph_editor\\test_hotkey_service.py'.\nHint: make sure your test modules/packages have valid Python names.\nTraceb"
    },
    {
      "category": "Modern Framework",
      "path": "src/desktop/modern/tests/framework/",
      "total": 0,
      "passed": 0,
      "failed": 0,
      "errors": 0,
      "skipped": 0,
      "execution_time": 7.508065700531006,
      "status": "FAILED",
      "return_code": 0,
      "output_sample": "============================= test session starts =============================\ncollecting ... collected 4 items\n\nsrc\\desktop\\modern\\tests\\framework\\test_framework_validation.py::test_framework_initialization PASSED [ 25%]\nsrc\\desktop\\modern\\tests\\framework\\test_framework_validation.py::test_arrow_positioning_orchestrator PASSED [ 50%]\nsrc\\desktop\\modern\\tests\\framework\\test_framework_validation.py::test_basic_workflow_api PASSED [ 75%]\nsrc\\desktop\\modern\\tests\\framework\\test_framework_validatio"
    },
    {
      "category": "Modern Improved Arch",
      "path": "src/desktop/modern/tests/improved_architecture/",
      "total": 0,
      "passed": 0,
      "failed": 0,
      "errors": 0,
      "skipped": 0,
      "execution_time": 2.093179941177368,
      "status": "FAILED",
      "return_code": 5,
      "output_sample": "============================= test session starts =============================\ncollecting ... collected 0 items\n\n============================ no tests ran in 0.20s ============================\n"
    }
  ]
}